<?xml version="1.0" encoding="UTF-8"?>
<testsuite xmlns:xsi="http://www.w3.org/2001/XMLSchema-instance" xsi:noNamespaceSchemaLocation="https://maven.apache.org/surefire/maven-surefire-plugin/xsd/surefire-test-report.xsd" name="Runner.TestRunner" time="6.73" tests="6" errors="0" skipped="0" failures="0">
  <properties>
[...]
</properties>
  <testcase name="Given I Navigate to the &quot;http://executeautomation.com/demosite/Login.html&quot; portal" classname="Scenario: Login -- Verify Whether the user able to loggin to the application" time="0"/>
  <testcase name="And I enter the username and password" classname="Scenario: Login -- Verify Whether the user able to loggin to the application" time="0"/>
  <testcase name="And I clicked on submit button" classname="Scenario: Login -- Verify Whether the user able to loggin to the application" time="0"/>
  <testcase name="Then I verify the user logged into the application" classname="Scenario: Login -- Verify Whether the user able to loggin to the application" time="0"/>
  <testcase name="And I verify the user logged from the application" classname="Scenario: Login -- Verify Whether the user able to loggin to the application" time="0"/>
  <testcase name="Scenario: Login -- Verify Whether the user able to loggin to the application" classname="Scenario: Login -- Verify Whether the user able to loggin to the application" time="0.001"/>
</testsuite>